app/build/intermediates/manifest_merge_blame_file/debug/manifest-merger-blame-debug-report.txt
1<?xml version="1.0" encoding="utf-8"?>
2<manifest xmlns:android="http://schemas.android.com/apk/res/android"
3    package="org.pytorch.demo.objectdetection"
4    android:versionCode="1"
5    android:versionName="1.0" >
6
7    <uses-sdk
8        android:minSdkVersion="28"
8-->src\main\AndroidManifest.xml
9        android:targetSdkVersion="31" />
9-->src\main\AndroidManifest.xml
10
11    <uses-permission android:name="android.permission.READ_EXTERNAL_STORAGE" />
11-->src\main\AndroidManifest.xml:5:5-80
11-->src\main\AndroidManifest.xml:5:22-77
12    <uses-permission android:name="android.permission.CAMERA" />
12-->src\main\AndroidManifest.xml:6:5-65
12-->src\main\AndroidManifest.xml:6:22-62
13    <uses-permission android:name="android.permission.ACCESS_FINE_LOCATION" />
13-->src\main\AndroidManifest.xml:7:5-79
13-->src\main\AndroidManifest.xml:7:22-76
14    <uses-permission android:name="android.permission.ACCESS_COARSE_LOCATION" />
14-->src\main\AndroidManifest.xml:8:5-81
14-->src\main\AndroidManifest.xml:8:22-78
15    <uses-permission android:name="android.permission.INTERNET" />
15-->src\main\AndroidManifest.xml:9:5-67
15-->src\main\AndroidManifest.xml:9:22-64
16    <uses-permission android:name="android.permission.ACCESS_NETWORK_STATE" />
16-->[com.google.firebase:firebase-inappmessaging:20.1.2] AndroidManifest.xml:10:5-79
16-->[com.google.firebase:firebase-inappmessaging:20.1.2] AndroidManifest.xml:10:22-76
17
18    <uses-feature
18-->[com.google.android.gms:play-services-maps:17.0.0] AndroidManifest.xml:26:5-28:35
19        android:glEsVersion="0x00020000"
19-->[com.google.android.gms:play-services-maps:17.0.0] AndroidManifest.xml:27:9-41
20        android:required="true" />
20-->[com.google.android.gms:play-services-maps:17.0.0] AndroidManifest.xml:28:9-32
21
22    <queries>
22-->[androidx.wear.tiles:tiles:1.1.0] AndroidManifest.xml:7:5-11:15
23        <intent>
23-->[androidx.wear.tiles:tiles:1.1.0] AndroidManifest.xml:8:9-10:18
24            <action android:name="androidx.wear.tiles.action.BIND_UPDATE_REQUESTER" />
24-->[androidx.wear.tiles:tiles:1.1.0] AndroidManifest.xml:9:13-87
24-->[androidx.wear.tiles:tiles:1.1.0] AndroidManifest.xml:9:21-84
25        </intent>
26    </queries>
27
28    <application
28-->src\main\AndroidManifest.xml:11:5-86:19
29        android:allowBackup="true"
29-->src\main\AndroidManifest.xml:12:9-35
30        android:appComponentFactory="androidx.core.app.CoreComponentFactory"
30-->[androidx.core:core:1.5.0] AndroidManifest.xml:24:18-86
31        android:debuggable="true"
32        android:extractNativeLibs="false"
33        android:icon="@drawable/logo5"
33-->src\main\AndroidManifest.xml:13:9-39
34        android:label="@string/app_name"
34-->src\main\AndroidManifest.xml:14:9-41
35        android:supportsRtl="true"
35-->src\main\AndroidManifest.xml:15:9-35
36        android:testOnly="true"
37        android:theme="@style/AppTheme"
37-->src\main\AndroidManifest.xml:16:9-40
38        android:usesCleartextTraffic="true" >
38-->src\main\AndroidManifest.xml:17:9-44
39        <activity
39-->src\main\AndroidManifest.xml:18:9-22:59
40            android:name="org.pytorch.demo.objectdetection.DataActivity"
40-->src\main\AndroidManifest.xml:19:13-41
41            android:exported="false"
41-->src\main\AndroidManifest.xml:20:13-37
42            android:label="@string/title_activity_data"
42-->src\main\AndroidManifest.xml:21:13-56
43            android:theme="@style/AppTheme.NoActionBar" />
43-->src\main\AndroidManifest.xml:22:13-56
44        <activity
44-->src\main\AndroidManifest.xml:23:9-25:40
45            android:name="org.pytorch.demo.objectdetection.infoActivity"
45-->src\main\AndroidManifest.xml:24:13-41
46            android:exported="false" />
46-->src\main\AndroidManifest.xml:25:13-37
47        <activity
47-->src\main\AndroidManifest.xml:26:9-28:40
48            android:name="org.pytorch.demo.objectdetection.infoActivity2"
48-->src\main\AndroidManifest.xml:27:13-42
49            android:exported="false" />
49-->src\main\AndroidManifest.xml:28:13-37
50        <activity
50-->src\main\AndroidManifest.xml:29:9-31:40
51            android:name="org.pytorch.demo.objectdetection.dog"
51-->src\main\AndroidManifest.xml:30:13-32
52            android:exported="false" />
52-->src\main\AndroidManifest.xml:31:13-37
53        <activity
53-->src\main\AndroidManifest.xml:32:9-34:40
54            android:name="org.pytorch.demo.objectdetection.cars"
54-->src\main\AndroidManifest.xml:33:13-33
55            android:exported="false" />
55-->src\main\AndroidManifest.xml:34:13-37
56        <activity
56-->src\main\AndroidManifest.xml:35:9-37:40
57            android:name="org.pytorch.demo.objectdetection.bicycle"
57-->src\main\AndroidManifest.xml:36:13-36
58            android:exported="false" />
58-->src\main\AndroidManifest.xml:37:13-37
59        <activity
59-->src\main\AndroidManifest.xml:38:9-40:40
60            android:name="org.pytorch.demo.objectdetection.stop_sign"
60-->src\main\AndroidManifest.xml:39:13-38
61            android:exported="false" />
61-->src\main\AndroidManifest.xml:40:13-37
62        <activity
62-->src\main\AndroidManifest.xml:41:9-43:40
63            android:name="org.pytorch.demo.objectdetection.traffic_light"
63-->src\main\AndroidManifest.xml:42:13-42
64            android:exported="false" />
64-->src\main\AndroidManifest.xml:43:13-37
65        <activity
65-->src\main\AndroidManifest.xml:44:9-46:40
66            android:name="org.pytorch.demo.objectdetection.person"
66-->src\main\AndroidManifest.xml:45:13-35
67            android:exported="false" />
67-->src\main\AndroidManifest.xml:46:13-37
68        <activity
68-->src\main\AndroidManifest.xml:47:9-49:40
69            android:name="org.pytorch.demo.objectdetection.trucks"
69-->src\main\AndroidManifest.xml:48:13-35
70            android:exported="false" />
70-->src\main\AndroidManifest.xml:49:13-37
71        <activity
71-->src\main\AndroidManifest.xml:51:9-55:59
72            android:name="org.pytorch.demo.objectdetection.RegisterActivity"
72-->src\main\AndroidManifest.xml:52:13-45
73            android:exported="false"
73-->src\main\AndroidManifest.xml:53:13-37
74            android:label="@string/title_activity_register"
74-->src\main\AndroidManifest.xml:54:13-60
75            android:theme="@style/AppTheme.NoActionBar" />
75-->src\main\AndroidManifest.xml:55:13-56
76        <activity
76-->src\main\AndroidManifest.xml:56:9-60:59
77            android:name="org.pytorch.demo.objectdetection.LoginActivity"
77-->src\main\AndroidManifest.xml:57:13-42
78            android:exported="false"
78-->src\main\AndroidManifest.xml:58:13-37
79            android:label="@string/title_activity_login"
79-->src\main\AndroidManifest.xml:59:13-57
80            android:theme="@style/AppTheme.NoActionBar" />
80-->src\main\AndroidManifest.xml:60:13-56
81        <activity
81-->src\main\AndroidManifest.xml:61:9-63:39
82            android:name="org.pytorch.demo.objectdetection.ProfileActivity"
82-->src\main\AndroidManifest.xml:62:13-44
83            android:exported="true" />
83-->src\main\AndroidManifest.xml:63:13-36
84        <activity
84-->src\main\AndroidManifest.xml:64:9-66:39
85            android:name="org.pytorch.demo.objectdetection.MapsActivity"
85-->src\main\AndroidManifest.xml:65:13-41
86            android:exported="true" />
86-->src\main\AndroidManifest.xml:66:13-36
87        <activity
87-->src\main\AndroidManifest.xml:67:9-77:20
88            android:name="org.pytorch.demo.objectdetection.MainActivity"
88-->src\main\AndroidManifest.xml:68:13-41
89            android:configChanges="orientation"
89-->src\main\AndroidManifest.xml:69:13-48
90            android:exported="true"
90-->src\main\AndroidManifest.xml:70:13-36
91            android:screenOrientation="portrait" >
91-->src\main\AndroidManifest.xml:71:13-49
92            <intent-filter>
92-->src\main\AndroidManifest.xml:72:13-76:29
93                <action android:name="android.intent.action.MAIN" />
93-->src\main\AndroidManifest.xml:73:17-69
93-->src\main\AndroidManifest.xml:73:25-66
94
95                <category android:name="android.intent.category.LAUNCHER" />
95-->src\main\AndroidManifest.xml:75:17-77
95-->src\main\AndroidManifest.xml:75:27-74
96            </intent-filter>
97        </activity>
98        <activity
98-->src\main\AndroidManifest.xml:78:9-81:52
99            android:name="org.pytorch.demo.objectdetection.ObjectDetectionActivity"
99-->src\main\AndroidManifest.xml:79:13-52
100            android:configChanges="orientation"
100-->src\main\AndroidManifest.xml:80:13-48
101            android:screenOrientation="portrait" />
101-->src\main\AndroidManifest.xml:81:13-49
102
103        <meta-data
103-->src\main\AndroidManifest.xml:83:9-85:71
104            android:name="com.google.android.geo.API_KEY"
104-->src\main\AndroidManifest.xml:84:13-58
105            android:value="AIzaSyCCFaynglqjbiyLhXRoGTIr-p2eYaeEjM8" />
105-->src\main\AndroidManifest.xml:85:13-68
106
107        <service
107-->[com.google.firebase:firebase-inappmessaging:20.1.2] AndroidManifest.xml:14:9-20:19
108            android:name="com.google.firebase.components.ComponentDiscoveryService"
108-->[com.google.firebase:firebase-inappmessaging:20.1.2] AndroidManifest.xml:15:13-84
109            android:directBootAware="true"
109-->[com.google.firebase:firebase-common:20.1.0] AndroidManifest.xml:35:13-43
110            android:exported="false" >
110-->[com.google.firebase:firebase-inappmessaging:20.1.2] AndroidManifest.xml:16:13-37
111            <meta-data
111-->[com.google.firebase:firebase-inappmessaging:20.1.2] AndroidManifest.xml:17:13-19:85
112                android:name="com.google.firebase.components:com.google.firebase.inappmessaging.FirebaseInAppMessagingRegistrar"
112-->[com.google.firebase:firebase-inappmessaging:20.1.2] AndroidManifest.xml:18:17-129
113                android:value="com.google.firebase.components.ComponentRegistrar" />
113-->[com.google.firebase:firebase-inappmessaging:20.1.2] AndroidManifest.xml:19:17-82
114            <meta-data
114-->[com.google.firebase:firebase-abt:21.0.1] AndroidManifest.xml:13:13-15:85
115                android:name="com.google.firebase.components:com.google.firebase.abt.component.AbtRegistrar"
115-->[com.google.firebase:firebase-abt:21.0.1] AndroidManifest.xml:14:17-109
116                android:value="com.google.firebase.components.ComponentRegistrar" />
116-->[com.google.firebase:firebase-abt:21.0.1] AndroidManifest.xml:15:17-82
117            <meta-data
117-->[com.google.firebase:firebase-datatransport:18.1.1] AndroidManifest.xml:28:13-30:85
118                android:name="com.google.firebase.components:com.google.firebase.datatransport.TransportRegistrar"
118-->[com.google.firebase:firebase-datatransport:18.1.1] AndroidManifest.xml:29:17-115
119                android:value="com.google.firebase.components.ComponentRegistrar" />
119-->[com.google.firebase:firebase-datatransport:18.1.1] AndroidManifest.xml:30:17-82
120            <meta-data
120-->[com.google.firebase:firebase-installations:17.0.1] AndroidManifest.xml:18:13-20:85
121                android:name="com.google.firebase.components:com.google.firebase.installations.FirebaseInstallationsRegistrar"
121-->[com.google.firebase:firebase-installations:17.0.1] AndroidManifest.xml:19:17-127
122                android:value="com.google.firebase.components.ComponentRegistrar" />
122-->[com.google.firebase:firebase-installations:17.0.1] AndroidManifest.xml:20:17-82
123        </service>
124
125        <provider
125-->[androidx.camera:camera-camera2:1.0.0-alpha05] AndroidManifest.xml:25:9-30:43
126            android:name="androidx.camera.camera2.impl.Camera2Initializer"
126-->[androidx.camera:camera-camera2:1.0.0-alpha05] AndroidManifest.xml:26:13-75
127            android:authorities="org.pytorch.demo.objectdetection.camerax-init"
127-->[androidx.camera:camera-camera2:1.0.0-alpha05] AndroidManifest.xml:27:13-64
128            android:exported="false"
128-->[androidx.camera:camera-camera2:1.0.0-alpha05] AndroidManifest.xml:28:13-37
129            android:initOrder="100"
129-->[androidx.camera:camera-camera2:1.0.0-alpha05] AndroidManifest.xml:29:13-36
130            android:multiprocess="true" /> <!-- Needs to be explicitly declared on P+ -->
130-->[androidx.camera:camera-camera2:1.0.0-alpha05] AndroidManifest.xml:30:13-40
131        <uses-library
131-->[com.google.android.gms:play-services-maps:17.0.0] AndroidManifest.xml:33:9-35:40
132            android:name="org.apache.http.legacy"
132-->[com.google.android.gms:play-services-maps:17.0.0] AndroidManifest.xml:34:13-50
133            android:required="false" />
133-->[com.google.android.gms:play-services-maps:17.0.0] AndroidManifest.xml:35:13-37
134
135        <activity
135-->[com.google.android.gms:play-services-base:17.0.0] AndroidManifest.xml:23:9-26:75
136            android:name="com.google.android.gms.common.api.GoogleApiActivity"
136-->[com.google.android.gms:play-services-base:17.0.0] AndroidManifest.xml:24:13-79
137            android:exported="false"
137-->[com.google.android.gms:play-services-base:17.0.0] AndroidManifest.xml:25:13-37
138            android:theme="@android:style/Theme.Translucent.NoTitleBar" />
138-->[com.google.android.gms:play-services-base:17.0.0] AndroidManifest.xml:26:13-72
139
140        <provider
140-->[com.google.firebase:firebase-common:20.1.0] AndroidManifest.xml:26:9-31:39
141            android:name="com.google.firebase.provider.FirebaseInitProvider"
141-->[com.google.firebase:firebase-common:20.1.0] AndroidManifest.xml:27:13-77
142            android:authorities="org.pytorch.demo.objectdetection.firebaseinitprovider"
142-->[com.google.firebase:firebase-common:20.1.0] AndroidManifest.xml:28:13-72
143            android:directBootAware="true"
143-->[com.google.firebase:firebase-common:20.1.0] AndroidManifest.xml:29:13-43
144            android:exported="false"
144-->[com.google.firebase:firebase-common:20.1.0] AndroidManifest.xml:30:13-37
145            android:initOrder="100" />
145-->[com.google.firebase:firebase-common:20.1.0] AndroidManifest.xml:31:13-36
146
147        <meta-data
147-->[com.google.android.gms:play-services-basement:18.0.0] AndroidManifest.xml:21:9-23:69
148            android:name="com.google.android.gms.version"
148-->[com.google.android.gms:play-services-basement:18.0.0] AndroidManifest.xml:22:13-58
149            android:value="@integer/google_play_services_version" />
149-->[com.google.android.gms:play-services-basement:18.0.0] AndroidManifest.xml:23:13-66
150
151        <uses-library
151-->[androidx.window:window:1.0.0] AndroidManifest.xml:25:9-27:40
152            android:name="androidx.window.extensions"
152-->[androidx.window:window:1.0.0] AndroidManifest.xml:26:13-54
153            android:required="false" />
153-->[androidx.window:window:1.0.0] AndroidManifest.xml:27:13-37
154        <uses-library
154-->[androidx.window:window:1.0.0] AndroidManifest.xml:28:9-30:40
155            android:name="androidx.window.sidecar"
155-->[androidx.window:window:1.0.0] AndroidManifest.xml:29:13-51
156            android:required="false" />
156-->[androidx.window:window:1.0.0] AndroidManifest.xml:30:13-37
157
158        <service
158-->[com.google.android.datatransport:transport-backend-cct:3.1.1] AndroidManifest.xml:29:9-35:19
159            android:name="com.google.android.datatransport.runtime.backends.TransportBackendDiscovery"
159-->[com.google.android.datatransport:transport-backend-cct:3.1.1] AndroidManifest.xml:30:13-103
160            android:exported="false" >
160-->[com.google.android.datatransport:transport-backend-cct:3.1.1] AndroidManifest.xml:31:13-37
161            <meta-data
161-->[com.google.android.datatransport:transport-backend-cct:3.1.1] AndroidManifest.xml:32:13-34:39
162                android:name="backend:com.google.android.datatransport.cct.CctBackendFactory"
162-->[com.google.android.datatransport:transport-backend-cct:3.1.1] AndroidManifest.xml:33:17-94
163                android:value="cct" />
163-->[com.google.android.datatransport:transport-backend-cct:3.1.1] AndroidManifest.xml:34:17-36
164        </service>
165        <service
165-->[com.google.android.datatransport:transport-runtime:3.1.1] AndroidManifest.xml:26:9-30:19
166            android:name="com.google.android.datatransport.runtime.scheduling.jobscheduling.JobInfoSchedulerService"
166-->[com.google.android.datatransport:transport-runtime:3.1.1] AndroidManifest.xml:27:13-117
167            android:exported="false"
167-->[com.google.android.datatransport:transport-runtime:3.1.1] AndroidManifest.xml:28:13-37
168            android:permission="android.permission.BIND_JOB_SERVICE" >
168-->[com.google.android.datatransport:transport-runtime:3.1.1] AndroidManifest.xml:29:13-69
169        </service>
170
171        <receiver
171-->[com.google.android.datatransport:transport-runtime:3.1.1] AndroidManifest.xml:32:9-34:40
172            android:name="com.google.android.datatransport.runtime.scheduling.jobscheduling.AlarmManagerSchedulerBroadcastReceiver"
172-->[com.google.android.datatransport:transport-runtime:3.1.1] AndroidManifest.xml:33:13-132
173            android:exported="false" />
173-->[com.google.android.datatransport:transport-runtime:3.1.1] AndroidManifest.xml:34:13-37
174    </application>
175
176</manifest>